2019-11-21 13:41:28,479 INFO  [log] =======================test started for Post=======================
2019-11-21 13:41:29,096 INFO  [log] Total rows number - 6
2019-11-21 13:41:29,096 INFO  [log] Total columns number - 7
2019-11-21 13:41:29,123 INFO  [log] Demo
2019-11-21 13:41:29,124 INFO  [log] User01
2019-11-21 13:41:29,124 INFO  [log] user01@upskills.in
2019-11-21 13:41:29,124 INFO  [log] user01@123
2019-11-21 13:41:29,125 INFO  [log] user01@123
2019-11-21 13:41:29,126 INFO  [log] 1-541-754-3010
2019-11-21 13:41:29,126 INFO  [log] Demo
2019-11-21 13:41:29,126 INFO  [log] User02
2019-11-21 13:41:29,127 INFO  [log] user02@upskills.in
2019-11-21 13:41:29,127 INFO  [log] user02@123
2019-11-21 13:41:29,127 INFO  [log] user02@123
2019-11-21 13:41:29,127 INFO  [log] 1-541-754-3011
2019-11-21 13:41:29,127 INFO  [log] Demo
2019-11-21 13:41:29,128 INFO  [log] User03
2019-11-21 13:41:29,128 INFO  [log] user03@upskills.in
2019-11-21 13:41:29,128 INFO  [log] user03@123
2019-11-21 13:41:29,128 INFO  [log] user03@123
2019-11-21 13:41:29,128 INFO  [log] 1-541-754-3012
2019-11-21 13:41:29,128 INFO  [log] Demo
2019-11-21 13:41:29,129 INFO  [log] User04
2019-11-21 13:41:29,129 INFO  [log] user04@upskills.in
2019-11-21 13:41:29,130 INFO  [log] user04@123
2019-11-21 13:41:29,130 INFO  [log] user04@123
2019-11-21 13:41:29,130 INFO  [log] 1-541-754-3013
2019-11-21 13:41:29,130 INFO  [log] Demo
2019-11-21 13:41:29,130 INFO  [log] User05
2019-11-21 13:41:29,130 INFO  [log] user05@upskills.in
2019-11-21 13:41:29,131 INFO  [log] user05@123
2019-11-21 13:41:29,131 INFO  [log] user05@123
2019-11-21 13:41:29,131 INFO  [log] 1-541-754-3014
2019-11-21 13:41:29,232 INFO  [log] =======================test started for get=======================
2019-11-21 13:41:29,451 INFO  [log] Total row number - 7
2019-11-21 13:41:29,452 INFO  [log] Row number - 1
2019-11-21 13:41:29,464 INFO  [log] 1
2019-11-21 13:41:30,424 INFO  [log] res code is - 401
2019-11-21 13:41:30,426 INFO  [log] Row number - 2
2019-11-21 13:41:30,426 INFO  [log] 2
2019-11-21 13:41:30,897 INFO  [log] res code is - 401
2019-11-21 13:41:30,898 INFO  [log] Row number - 3
2019-11-21 13:41:30,898 INFO  [log] 3
2019-11-21 13:41:31,380 INFO  [log] res code is - 401
2019-11-21 13:41:31,380 INFO  [log] Row number - 4
2019-11-21 13:41:31,380 INFO  [log] 4
2019-11-21 13:41:31,845 INFO  [log] res code is - 401
2019-11-21 13:41:31,845 INFO  [log] Row number - 5
2019-11-21 13:41:31,845 INFO  [log] 5
2019-11-21 13:41:32,316 INFO  [log] res code is - 401
2019-11-21 13:41:32,316 INFO  [log] Row number - 6
2019-11-21 13:41:32,317 INFO  [log] 6
2019-11-21 13:41:32,792 INFO  [log] res code is - 401
2019-11-21 13:43:45,876 INFO  [log] =======================test started for Post=======================
2019-11-21 13:43:46,514 INFO  [log] Total rows number - 6
2019-11-21 13:43:46,514 INFO  [log] Total columns number - 7
2019-11-21 13:43:46,516 INFO  [log] Demo
2019-11-21 13:43:46,517 INFO  [log] User01
2019-11-21 13:43:46,517 INFO  [log] user01@upskills.in
2019-11-21 13:43:46,517 INFO  [log] user01@123
2019-11-21 13:43:46,517 INFO  [log] user01@123
2019-11-21 13:43:46,517 INFO  [log] 1-541-754-3010
2019-11-21 13:43:46,518 INFO  [log] Demo
2019-11-21 13:43:46,518 INFO  [log] User02
2019-11-21 13:43:46,518 INFO  [log] user02@upskills.in
2019-11-21 13:43:46,519 INFO  [log] user02@123
2019-11-21 13:43:46,524 INFO  [log] user02@123
2019-11-21 13:43:46,524 INFO  [log] 1-541-754-3011
2019-11-21 13:43:46,525 INFO  [log] Demo
2019-11-21 13:43:46,525 INFO  [log] User03
2019-11-21 13:43:46,525 INFO  [log] user03@upskills.in
2019-11-21 13:43:46,525 INFO  [log] user03@123
2019-11-21 13:43:46,525 INFO  [log] user03@123
2019-11-21 13:43:46,525 INFO  [log] 1-541-754-3012
2019-11-21 13:43:46,526 INFO  [log] Demo
2019-11-21 13:43:46,526 INFO  [log] User04
2019-11-21 13:43:46,526 INFO  [log] user04@upskills.in
2019-11-21 13:43:46,526 INFO  [log] user04@123
2019-11-21 13:43:46,526 INFO  [log] user04@123
2019-11-21 13:43:46,527 INFO  [log] 1-541-754-3013
2019-11-21 13:43:46,527 INFO  [log] Demo
2019-11-21 13:43:46,528 INFO  [log] User05
2019-11-21 13:43:46,528 INFO  [log] user05@upskills.in
2019-11-21 13:43:46,528 INFO  [log] user05@123
2019-11-21 13:43:46,528 INFO  [log] user05@123
2019-11-21 13:43:46,528 INFO  [log] 1-541-754-3014
2019-11-21 13:43:46,572 INFO  [log] =======================test started for get=======================
2019-11-21 13:43:46,806 INFO  [log] Total row number - 7
2019-11-21 13:43:46,807 INFO  [log] Row number - 1
2019-11-21 13:43:46,807 INFO  [log] 1
2019-11-21 13:43:47,419 INFO  [log] res code is - 401
2019-11-21 13:43:47,419 INFO  [log] Row number - 2
2019-11-21 13:43:47,419 INFO  [log] 2
2019-11-21 13:43:47,882 INFO  [log] res code is - 401
2019-11-21 13:43:47,882 INFO  [log] Row number - 3
2019-11-21 13:43:47,882 INFO  [log] 3
2019-11-21 13:43:48,362 INFO  [log] res code is - 401
2019-11-21 13:43:48,363 INFO  [log] Row number - 4
2019-11-21 13:43:48,363 INFO  [log] 4
2019-11-21 13:43:48,916 INFO  [log] res code is - 401
2019-11-21 13:43:48,916 INFO  [log] Row number - 5
2019-11-21 13:43:48,916 INFO  [log] 5
2019-11-21 13:43:49,372 INFO  [log] res code is - 401
2019-11-21 13:43:49,373 INFO  [log] Row number - 6
2019-11-21 13:43:49,373 INFO  [log] 6
2019-11-21 13:43:49,837 INFO  [log] res code is - 401
2019-11-21 13:46:35,891 INFO  [log] =======================test started for Post=======================
2019-11-21 13:46:36,483 INFO  [log] Total rows number - 6
2019-11-21 13:46:36,484 INFO  [log] Total columns number - 7
2019-11-21 13:46:36,514 INFO  [log] Demo
2019-11-21 13:46:36,515 INFO  [log] User01
2019-11-21 13:46:36,515 INFO  [log] user01@upskills.in
2019-11-21 13:46:36,516 INFO  [log] user01@123
2019-11-21 13:46:36,516 INFO  [log] user01@123
2019-11-21 13:46:36,516 INFO  [log] 1-541-754-3010
2019-11-21 13:46:36,516 INFO  [log] Demo
2019-11-21 13:46:36,517 INFO  [log] User02
2019-11-21 13:46:36,517 INFO  [log] user02@upskills.in
2019-11-21 13:46:36,517 INFO  [log] user02@123
2019-11-21 13:46:36,517 INFO  [log] user02@123
2019-11-21 13:46:36,518 INFO  [log] 1-541-754-3011
2019-11-21 13:46:36,518 INFO  [log] Demo
2019-11-21 13:46:36,518 INFO  [log] User03
2019-11-21 13:46:36,519 INFO  [log] user03@upskills.in
2019-11-21 13:46:36,519 INFO  [log] user03@123
2019-11-21 13:46:36,519 INFO  [log] user03@123
2019-11-21 13:46:36,521 INFO  [log] 1-541-754-3012
2019-11-21 13:46:36,521 INFO  [log] Demo
2019-11-21 13:46:36,522 INFO  [log] User04
2019-11-21 13:46:36,523 INFO  [log] user04@upskills.in
2019-11-21 13:46:36,523 INFO  [log] user04@123
2019-11-21 13:46:36,524 INFO  [log] user04@123
2019-11-21 13:46:36,524 INFO  [log] 1-541-754-3013
2019-11-21 13:46:36,524 INFO  [log] Demo
2019-11-21 13:46:36,524 INFO  [log] User05
2019-11-21 13:46:36,524 INFO  [log] user05@upskills.in
2019-11-21 13:46:36,525 INFO  [log] user05@123
2019-11-21 13:46:36,525 INFO  [log] user05@123
2019-11-21 13:46:36,525 INFO  [log] 1-541-754-3014
2019-11-21 13:46:36,594 INFO  [log] =======================test started for get=======================
2019-11-21 13:46:36,853 INFO  [log] Total row number - 7
2019-11-21 13:46:36,854 INFO  [log] Row number - 1
2019-11-21 13:46:36,864 INFO  [log] 1
2019-11-21 13:46:37,393 INFO  [log] res code is - 401
2019-11-21 13:46:37,394 INFO  [log] Row number - 2
2019-11-21 13:46:37,395 INFO  [log] 2
2019-11-21 13:46:37,893 INFO  [log] res code is - 401
2019-11-21 13:46:37,894 INFO  [log] Row number - 3
2019-11-21 13:46:37,894 INFO  [log] 3
2019-11-21 13:46:38,377 INFO  [log] res code is - 401
2019-11-21 13:46:38,377 INFO  [log] Row number - 4
2019-11-21 13:46:38,378 INFO  [log] 4
2019-11-21 13:46:38,832 INFO  [log] res code is - 401
2019-11-21 13:46:38,832 INFO  [log] Row number - 5
2019-11-21 13:46:38,833 INFO  [log] 5
2019-11-21 13:46:39,513 INFO  [log] res code is - 401
2019-11-21 13:46:39,513 INFO  [log] Row number - 6
2019-11-21 13:46:39,514 INFO  [log] 6
2019-11-21 13:46:39,957 INFO  [log] res code is - 401
